# JRE version: Java(TM) SE Runtime Environment (8.0_45-b14) (build 1.8.0_45-b14)
# Java VM: Java HotSpot(TM) 64-Bit Server VM (25.45-b02 mixed mode windows-amd64 compressed oops)
Heap:
 PSYoungGen      total 75264K, used 54623K [0x000000076c600000, 0x0000000773300000, 0x00000007c0000000)
  eden space 64512K, 69% used [0x000000076c600000,0x000000076f19d5c8,0x0000000770500000)
  from space 10752K, 92% used [0x0000000770f80000,0x000000077193a930,0x0000000771a00000)
  to   space 10752K, 0% used [0x0000000770500000,0x0000000770500000,0x0000000770f80000)
 ParOldGen       total 112128K, used 8773K [0x00000006c5200000, 0x00000006cbf80000, 0x000000076c600000)
  object space 112128K, 7% used [0x00000006c5200000,0x00000006c5a914a8,0x00000006cbf80000)
 Metaspace       used 30307K, capacity 30580K, committed 30848K, reserved 1077248K
  class space    used 3886K, capacity 3966K, committed 3968K, reserved 1048576K
GC Heap History (10 events):
Event: 1.031 GC heap before
{Heap before GC invocations=1 (full 0):
 PSYoungGen      total 75264K, used 64512K [0x000000076c600000, 0x0000000771a00000, 0x00000007c0000000)
  eden space 64512K, 100% used [0x000000076c600000,0x0000000770500000,0x0000000770500000)
  from space 10752K, 0% used [0x0000000770f80000,0x0000000770f80000,0x0000000771a00000)
  to   space 10752K, 0% used [0x0000000770500000,0x0000000770500000,0x0000000770f80000)
 ParOldGen       total 172032K, used 0K [0x00000006c5200000, 0x00000006cfa00000, 0x000000076c600000)
  object space 172032K, 0% used [0x00000006c5200000,0x00000006c5200000,0x00000006cfa00000)
 Metaspace       used 10498K, capacity 10608K, committed 10880K, reserved 1058816K
  class space    used 1329K, capacity 1362K, committed 1408K, reserved 1048576K
Event: 1.036 GC heap after
Heap after GC invocations=1 (full 0):
 PSYoungGen      total 75264K, used 6069K [0x000000076c600000, 0x0000000771a00000, 0x00000007c0000000)
  eden space 64512K, 0% used [0x000000076c600000,0x000000076c600000,0x0000000770500000)
  from space 10752K, 56% used [0x0000000770500000,0x0000000770aed528,0x0000000770f80000)
  to   space 10752K, 0% used [0x0000000770f80000,0x0000000770f80000,0x0000000771a00000)
 ParOldGen       total 172032K, used 80K [0x00000006c5200000, 0x00000006cfa00000, 0x000000076c600000)
  object space 172032K, 0% used [0x00000006c5200000,0x00000006c5214010,0x00000006cfa00000)
 Metaspace       used 10498K, capacity 10608K, committed 10880K, reserved 1058816K
  class space    used 1329K, capacity 1362K, committed 1408K, reserved 1048576K
}
Event: 1.582 GC heap before
{Heap before GC invocations=2 (full 0):
 PSYoungGen      total 75264K, used 70581K [0x000000076c600000, 0x0000000771a00000, 0x00000007c0000000)
  eden space 64512K, 100% used [0x000000076c600000,0x0000000770500000,0x0000000770500000)
  from space 10752K, 56% used [0x0000000770500000,0x0000000770aed528,0x0000000770f80000)
  to   space 10752K, 0% used [0x0000000770f80000,0x0000000770f80000,0x0000000771a00000)
 ParOldGen       total 172032K, used 80K [0x00000006c5200000, 0x00000006cfa00000, 0x000000076c600000)
  object space 172032K, 0% used [0x00000006c5200000,0x00000006c5214010,0x00000006cfa00000)
 Metaspace       used 13280K, capacity 13402K, committed 13824K, reserved 1060864K
  class space    used 1650K, capacity 1689K, committed 1792K, reserved 1048576K
Event: 1.587 GC heap after
Heap after GC invocations=2 (full 0):
 PSYoungGen      total 75264K, used 5763K [0x000000076c600000, 0x0000000771a00000, 0x00000007c0000000)
  eden space 64512K, 0% used [0x000000076c600000,0x000000076c600000,0x0000000770500000)
  from space 10752K, 53% used [0x0000000770f80000,0x0000000771520d40,0x0000000771a00000)
  to   space 10752K, 0% used [0x0000000770500000,0x0000000770500000,0x0000000770f80000)
 ParOldGen       total 172032K, used 88K [0x00000006c5200000, 0x00000006cfa00000, 0x000000076c600000)
  object space 172032K, 0% used [0x00000006c5200000,0x00000006c5216010,0x00000006cfa00000)
 Metaspace       used 13280K, capacity 13402K, committed 13824K, reserved 1060864K
  class space    used 1650K, capacity 1689K, committed 1792K, reserved 1048576K
}
Event: 2.417 GC heap before
{Heap before GC invocations=3 (full 0):
 PSYoungGen      total 75264K, used 54245K [0x000000076c600000, 0x0000000771a00000, 0x00000007c0000000)
  eden space 64512K, 75% used [0x000000076c600000,0x000000076f558808,0x0000000770500000)
  from space 10752K, 53% used [0x0000000770f80000,0x0000000771520d40,0x0000000771a00000)
  to   space 10752K, 0% used [0x0000000770500000,0x0000000770500000,0x0000000770f80000)
 ParOldGen       total 172032K, used 88K [0x00000006c5200000, 0x00000006cfa00000, 0x000000076c600000)
  object space 172032K, 0% used [0x00000006c5200000,0x00000006c5216010,0x00000006cfa00000)
 Metaspace       used 20900K, capacity 21048K, committed 21296K, reserved 1069056K
  class space    used 2612K, capacity 2658K, committed 2688K, reserved 1048576K
Event: 2.426 GC heap after
Heap after GC invocations=3 (full 0):
 PSYoungGen      total 75264K, used 8949K [0x000000076c600000, 0x0000000771a00000, 0x00000007c0000000)
  eden space 64512K, 0% used [0x000000076c600000,0x000000076c600000,0x0000000770500000)
  from space 10752K, 83% used [0x0000000770500000,0x0000000770dbd590,0x0000000770f80000)
  to   space 10752K, 0% used [0x0000000770f80000,0x0000000770f80000,0x0000000771a00000)
 ParOldGen       total 172032K, used 96K [0x00000006c5200000, 0x00000006cfa00000, 0x000000076c600000)
  object space 172032K, 0% used [0x00000006c5200000,0x00000006c5218010,0x00000006cfa00000)
 Metaspace       used 20900K, capacity 21048K, committed 21296K, reserved 1069056K
  class space    used 2612K, capacity 2658K, committed 2688K, reserved 1048576K
}
Event: 2.426 GC heap before
{Heap before GC invocations=4 (full 1):
 PSYoungGen      total 75264K, used 8949K [0x000000076c600000, 0x0000000771a00000, 0x00000007c0000000)
  eden space 64512K, 0% used [0x000000076c600000,0x000000076c600000,0x0000000770500000)
  from space 10752K, 83% used [0x0000000770500000,0x0000000770dbd590,0x0000000770f80000)
  to   space 10752K, 0% used [0x0000000770f80000,0x0000000770f80000,0x0000000771a00000)
 ParOldGen       total 172032K, used 96K [0x00000006c5200000, 0x00000006cfa00000, 0x000000076c600000)
  object space 172032K, 0% used [0x00000006c5200000,0x00000006c5218010,0x00000006cfa00000)
 Metaspace       used 20900K, capacity 21048K, committed 21296K, reserved 1069056K
  class space    used 2612K, capacity 2658K, committed 2688K, reserved 1048576K
Event: 2.453 GC heap after
Heap after GC invocations=4 (full 1):
 PSYoungGen      total 75264K, used 0K [0x000000076c600000, 0x0000000771a00000, 0x00000007c0000000)
  eden space 64512K, 0% used [0x000000076c600000,0x000000076c600000,0x0000000770500000)
  from space 10752K, 0% used [0x0000000770500000,0x0000000770500000,0x0000000770f80000)
  to   space 10752K, 0% used [0x0000000770f80000,0x0000000770f80000,0x0000000771a00000)
 ParOldGen       total 112128K, used 8765K [0x00000006c5200000, 0x00000006cbf80000, 0x000000076c600000)
  object space 112128K, 7% used [0x00000006c5200000,0x00000006c5a8f4a8,0x00000006cbf80000)
 Metaspace       used 20900K, capacity 21048K, committed 21296K, reserved 1069056K
  class space    used 2612K, capacity 2658K, committed 2688K, reserved 1048576K
}
Event: 3.535 GC heap before
{Heap before GC invocations=5 (full 1):
 PSYoungGen      total 75264K, used 64512K [0x000000076c600000, 0x0000000771a00000, 0x00000007c0000000)
  eden space 64512K, 100% used [0x000000076c600000,0x0000000770500000,0x0000000770500000)
  from space 10752K, 0% used [0x0000000770500000,0x0000000770500000,0x0000000770f80000)
  to   space 10752K, 0% used [0x0000000770f80000,0x0000000770f80000,0x0000000771a00000)
 ParOldGen       total 112128K, used 8765K [0x00000006c5200000, 0x00000006cbf80000, 0x000000076c600000)
  object space 112128K, 7% used [0x00000006c5200000,0x00000006c5a8f4a8,0x00000006cbf80000)
 Metaspace       used 28852K, capacity 29110K, committed 29440K, reserved 1075200K
  class space    used 3685K, capacity 3761K, committed 3840K, reserved 1048576K
Event: 3.542 GC heap after
Heap after GC invocations=5 (full 1):
 PSYoungGen      total 75264K, used 9962K [0x000000076c600000, 0x0000000773300000, 0x00000007c0000000)
  eden space 64512K, 0% used [0x000000076c600000,0x000000076c600000,0x0000000770500000)
  from space 10752K, 92% used [0x0000000770f80000,0x000000077193a930,0x0000000771a00000)
  to   space 10752K, 0% used [0x0000000770500000,0x0000000770500000,0x0000000770f80000)
 ParOldGen       total 112128K, used 8773K [0x00000006c5200000, 0x00000006cbf80000, 0x000000076c600000)
  object space 112128K, 7% used [0x00000006c5200000,0x00000006c5a914a8,0x00000006cbf80000)
 Metaspace       used 28852K, capacity 29110K, committed 29440K, reserved 1075200K
  class space    used 3685K, capacity 3761K, committed 3840K, reserved 1048576K
}

